#
# A fatal error has been detected by the Java Runtime Environment:
#
#  EXCEPTION_ACCESS_VIOLATION (0xc0000005) at pc=0x6d8e1501, pid=4928, tid=2592
#
# JRE version: 6.0_21-b07
# Java VM: Java HotSpot(TM) Client VM (17.0-b17 mixed mode, sharing windows-x86 )
# Problematic frame:
# V  [jvm.dll+0xe1501]
#
# If you would like to submit a bug report, please visit:
#   http://java.sun.com/webapps/bugreport/crash.jsp
#

---------------  T H R E A D  ---------------

Current thread (0x02bfa000):  VMThread [stack: 0x02ce0000,0x02d30000] [id=2592]

siginfo: ExceptionCode=0xc0000005, reading address 0x007300d1

Registers:
EAX=0x00640062, EBX=0x379a9fb0, ECX=0x00000002, EDX=0x00730069
ESP=0x02d2fb48, EBP=0x02d2fb60, ESI=0x293cc788, EDI=0x29336e8c
EIP=0x6d8e1501, EFLAGS=0x00010293

Top of Stack: (sp=0x02d2fb48)
0x02d2fb48:   29049798 000003fe 00000003 379a9fb8
0x02d2fb58:   29336e98 00000003 02d2fb80 6d961934
0x02d2fb68:   29336e78 6da61f60 379b0818 003abca8
0x02d2fb78:   6d961f92 6da61f60 02d2fb94 6d9eadf4
0x02d2fb88:   6da7b97c 6da61f60 003abca8 02d2fbb0
0x02d2fb98:   6d9a90b9 6da61f60 00000000 6da61f60
0x02d2fba8:   6da61f60 003abca8 02d2fbf0 6d8cc110
0x02d2fbb8:   00000001 00000001 00000002 6da61f60 

Instructions: (pc=0x6d8e1501)
0x6d8e14f1:   80 f9 01 eb 19 83 e1 07 83 f9 05 74 24 8b 56 04
0x6d8e1501:   8b 52 68 83 e2 07 80 fa 05 74 0c 83 f9 01 75 07 


Stack: [0x02ce0000,0x02d30000],  sp=0x02d2fb48,  free space=13e02d2f6bck
Native frames: (J=compiled Java code, j=interpreted, Vv=VM code, C=native code)
V  [jvm.dll+0xe1501]
V  [jvm.dll+0x161934]
V  [jvm.dll+0x1eadf4]
V  [jvm.dll+0x1a90b9]
V  [jvm.dll+0xcc110]
V  [jvm.dll+0xcc950]
V  [jvm.dll+0xccd70]
V  [jvm.dll+0xd0dea]
V  [jvm.dll+0x1e1382]
V  [jvm.dll+0xcbb78]
V  [jvm.dll+0xcbf61]
V  [jvm.dll+0x1fd53d]
V  [jvm.dll+0x2002e3]
V  [jvm.dll+0x1ff5ce]
V  [jvm.dll+0x1ff8f0]
V  [jvm.dll+0x1ffce2]
V  [jvm.dll+0x185f5c]
C  [msvcr71.dll+0x9565]
C  [kernel32.dll+0xb713]

VM_Operation (0x05e4f8ac): GenCollectFull, mode: safepoint, requested by thread 0x03099400


---------------  P R O C E S S  ---------------

Java Threads: ( => current thread )
  0x04bbf800 JavaThread "Worker-27" [_thread_blocked, id=2016, stack(0x05ef0000,0x05f40000)]
  0x03099400 JavaThread "Worker-26" [_thread_blocked, id=5008, stack(0x05e00000,0x05e50000)]
  0x04bfe400 JavaThread "Worker-22" [_thread_blocked, id=4612, stack(0x05d60000,0x05db0000)]
  0x0309c800 JavaThread "Worker-18" [_thread_blocked, id=3324, stack(0x05d10000,0x05d60000)]
  0x0547e000 JavaThread "Java indexing" daemon [_thread_blocked, id=516, stack(0x04340000,0x04390000)]
  0x02cd5c00 JavaThread "Shell reader (stderr)" daemon [_thread_in_native, id=6028, stack(0x04390000,0x043e0000)]
  0x03346c00 JavaThread "Shell reader (stdout)" daemon [_thread_in_native, id=4672, stack(0x042f0000,0x04340000)]
  0x02fc1400 JavaThread "Start Level Event Dispatcher" daemon [_thread_blocked, id=1568, stack(0x032c0000,0x03310000)]
  0x03005c00 JavaThread "Framework Event Dispatcher" daemon [_thread_blocked, id=2340, stack(0x03270000,0x032c0000)]
  0x02fd2400 JavaThread "State Data Manager" daemon [_thread_blocked, id=520, stack(0x03220000,0x03270000)]
  0x02c0c800 JavaThread "Low Memory Detector" daemon [_thread_blocked, id=1664, stack(0x02ec0000,0x02f10000)]
  0x02c06c00 JavaThread "CompilerThread0" daemon [_thread_blocked, id=6076, stack(0x02e70000,0x02ec0000)]
  0x02c05000 JavaThread "Attach Listener" daemon [_thread_blocked, id=528, stack(0x02e20000,0x02e70000)]
  0x02c03c00 JavaThread "Signal Dispatcher" daemon [_thread_blocked, id=5180, stack(0x02dd0000,0x02e20000)]
  0x02bfcc00 JavaThread "Finalizer" daemon [_thread_blocked, id=2752, stack(0x02d80000,0x02dd0000)]
  0x02bfb800 JavaThread "Reference Handler" daemon [_thread_blocked, id=356, stack(0x02d30000,0x02d80000)]
  0x003a6800 JavaThread "main" [_thread_blocked, id=6068, stack(0x009c0000,0x00a10000)]

Other Threads:
=>0x02bfa000 VMThread [stack: 0x02ce0000,0x02d30000] [id=2592]
  0x02c17800 WatcherThread [stack: 0x02f10000,0x02f60000] [id=5356]

VM state:at safepoint (normal execution)

VM Mutex/Monitor currently owned by a thread:  ([mutex/lock_event])
[0x003a5950] Threads_lock - owner thread: 0x02bfa000
[0x003a5d60] Heap_lock - owner thread: 0x03099400

Heap
 def new generation   total 25152K, used 15348K [0x22990000, 0x244d0000, 0x27ee0000)
  eden space 22400K,  68% used [0x22990000, 0x2388d100, 0x23f70000)
  from space 2752K,   0% used [0x24220000, 0x24220000, 0x244d0000)
  to   space 2752K,   0% used [0x23f70000, 0x23f70000, 0x24220000)
 tenured generation   total 55740K, used 30434K [0x27ee0000, 0x2b54f000, 0x32990000)
   the space 55740K,  54% used [0x27ee0000, 0x29c988f0, 0x29c98a00, 0x2b54f000)
 compacting perm gen  total 37376K, used 37338K [0x32990000, 0x34e10000, 0x36990000)
   the space 37376K,  99% used [0x32990000, 0x34e06888, 0x34e06a00, 0x34e10000)
    ro space 10240K,  51% used [0x36990000, 0x36ebb700, 0x36ebb800, 0x37390000)
    rw space 12288K,  54% used [0x37390000, 0x37a276c0, 0x37a27800, 0x37f90000)

Dynamic libraries:
0x00400000 - 0x00424000 	C:\WINDOWS\system32\javaw.exe
0x7c900000 - 0x7c9af000 	C:\WINDOWS\system32\ntdll.dll
0x7c800000 - 0x7c8f6000 	C:\WINDOWS\system32\kernel32.dll
0x77dd0000 - 0x77e6b000 	C:\WINDOWS\system32\ADVAPI32.dll
0x77e70000 - 0x77f02000 	C:\WINDOWS\system32\RPCRT4.dll
0x77fe0000 - 0x77ff1000 	C:\WINDOWS\system32\Secur32.dll
0x7e410000 - 0x7e4a1000 	C:\WINDOWS\system32\USER32.dll
0x77f10000 - 0x77f59000 	C:\WINDOWS\system32\GDI32.dll
0x76390000 - 0x763ad000 	C:\WINDOWS\system32\IMM32.DLL
0x7c340000 - 0x7c396000 	C:\Program Files\Java\jre6\bin\msvcr71.dll
0x6d800000 - 0x6daa7000 	C:\Program Files\Java\jre6\bin\client\jvm.dll
0x76b40000 - 0x76b6d000 	C:\WINDOWS\system32\WINMM.dll
0x6d7b0000 - 0x6d7bc000 	C:\Program Files\Java\jre6\bin\verify.dll
0x6d330000 - 0x6d34f000 	C:\Program Files\Java\jre6\bin\java.dll
0x6d290000 - 0x6d298000 	C:\Program Files\Java\jre6\bin\hpi.dll
0x76bf0000 - 0x76bfb000 	C:\WINDOWS\system32\PSAPI.DLL
0x6d7f0000 - 0x6d7ff000 	C:\Program Files\Java\jre6\bin\zip.dll
0x68000000 - 0x68036000 	C:\WINDOWS\system32\rsaenh.dll
0x77c10000 - 0x77c68000 	C:\WINDOWS\system32\msvcrt.dll
0x769c0000 - 0x76a74000 	C:\WINDOWS\system32\USERENV.dll
0x5b860000 - 0x5b8b5000 	C:\WINDOWS\system32\netapi32.dll
0x6d610000 - 0x6d623000 	C:\Program Files\Java\jre6\bin\net.dll
0x71ab0000 - 0x71ac7000 	C:\WINDOWS\system32\WS2_32.dll
0x71aa0000 - 0x71aa8000 	C:\WINDOWS\system32\WS2HELP.dll
0x71a50000 - 0x71a8f000 	C:\WINDOWS\System32\mswsock.dll
0x76f20000 - 0x76f47000 	C:\WINDOWS\system32\DNSAPI.dll
0x76fb0000 - 0x76fb8000 	C:\WINDOWS\System32\winrnr.dll
0x76f60000 - 0x76f8c000 	C:\WINDOWS\system32\WLDAP32.dll
0x76fc0000 - 0x76fc6000 	C:\WINDOWS\system32\rasadhlp.dll
0x6d630000 - 0x6d639000 	C:\Program Files\Java\jre6\bin\nio.dll
0x10000000 - 0x10053000 	D:\PYTHON\eclipse3.2\configuration\org.eclipse.osgi\bundles\199\1\.cp\swt-win32-3236.dll
0x774e0000 - 0x7761d000 	C:\WINDOWS\system32\ole32.dll
0x773d0000 - 0x774d3000 	C:\WINDOWS\WinSxS\X86_Microsoft.Windows.Common-Controls_6595b64144ccf1df_6.0.2600.5512_x-ww_35d4ce83\COMCTL32.dll
0x77f60000 - 0x77fd6000 	C:\WINDOWS\system32\SHLWAPI.dll
0x763b0000 - 0x763f9000 	C:\WINDOWS\system32\comdlg32.dll
0x7c9c0000 - 0x7d1d7000 	C:\WINDOWS\system32\SHELL32.dll
0x77120000 - 0x771ab000 	C:\WINDOWS\system32\OLEAUT32.dll
0x74d90000 - 0x74dfb000 	C:\WINDOWS\system32\USP10.dll
0x63000000 - 0x630e6000 	C:\WINDOWS\system32\WININET.dll
0x03730000 - 0x03739000 	C:\WINDOWS\system32\Normaliz.dll
0x1a400000 - 0x1a532000 	C:\WINDOWS\system32\urlmon.dll
0x5dca0000 - 0x5de88000 	C:\WINDOWS\system32\iertutil.dll
0x75a70000 - 0x75a91000 	C:\WINDOWS\system32\MSVFW32.dll
0x5ad70000 - 0x5ada8000 	C:\WINDOWS\system32\uxtheme.dll
0x74720000 - 0x7476c000 	C:\WINDOWS\system32\MSCTF.dll
0x648b0000 - 0x648be000 	C:\Documents and Settings\All Users.WINDOWS\Application Data\Real\RealPlayer\BrowserRecordPlugin\Chrome\Hook\rpchromebrowserrecordhelper.dll
0x78520000 - 0x785c3000 	C:\WINDOWS\WinSxS\x86_Microsoft.VC90.CRT_1fc8b3b9a1e18e3b_9.0.30729.4974_x-ww_d889290f\MSVCR90.dll
0x78480000 - 0x7850e000 	C:\WINDOWS\WinSxS\x86_Microsoft.VC90.CRT_1fc8b3b9a1e18e3b_9.0.30729.4974_x-ww_d889290f\MSVCP90.dll
0x60c40000 - 0x60ca9000 	C:\PROGRAM FILES\NORTON INTERNET SECURITY\ENGINE\17.8.0.5\ASOEHOOK.DLL
0x755c0000 - 0x755ee000 	C:\WINDOWS\system32\msctfime.ime
0x03af0000 - 0x03af8000 	D:\PYTHON\eclipse3.2\configuration\org.eclipse.osgi\bundles\20\1\.cp\os\win32\x86\localfile_1_0_0.dll
0x74c80000 - 0x74cac000 	C:\WINDOWS\system32\oleacc.dll
0x76080000 - 0x760e5000 	C:\WINDOWS\system32\MSVCP60.dll
0x03cf0000 - 0x03d03000 	D:\PYTHON\eclipse3.2\configuration\org.eclipse.osgi\bundles\199\1\.cp\swt-gdip-win32-3236.dll
0x4ec50000 - 0x4edf6000 	C:\WINDOWS\WinSxS\x86_Microsoft.Windows.GdiPlus_6595b64144ccf1df_1.0.2600.5512_x-ww_dfb54e0c\gdiplus.dll
0x03f30000 - 0x041f5000 	C:\WINDOWS\system32\xpsp2res.dll
0x662b0000 - 0x66308000 	C:\WINDOWS\system32\hnetcfg.dll
0x71a90000 - 0x71a98000 	C:\WINDOWS\System32\wshtcpip.dll
0x77b40000 - 0x77b62000 	C:\WINDOWS\system32\Apphelp.dll
0x77c00000 - 0x77c08000 	C:\WINDOWS\system32\VERSION.dll
0x76fd0000 - 0x7704f000 	C:\WINDOWS\system32\CLBCATQ.DLL
0x77050000 - 0x77115000 	C:\WINDOWS\system32\COMRes.dll
0x75cf0000 - 0x75d81000 	C:\WINDOWS\system32\mlang.dll
0x76380000 - 0x76385000 	C:\WINDOWS\system32\msimg32.dll
0x6d790000 - 0x6d798000 	C:\Program Files\Java\jre6\bin\sunmscapi.dll
0x77a80000 - 0x77b15000 	C:\WINDOWS\system32\CRYPT32.dll
0x77b20000 - 0x77b32000 	C:\WINDOWS\system32\MSASN1.dll
0x6eec0000 - 0x6eee1000 	D:\PYTHON\eclipse3.2\plugins\org.tigris.subversion.javahl.win32_1.2.2\libapr.dll
0x6ee50000 - 0x6ee59000 	D:\PYTHON\eclipse3.2\plugins\org.tigris.subversion.javahl.win32_1.2.2\libapriconv.dll
0x05fe0000 - 0x060e8000 	D:\PYTHON\eclipse3.2\plugins\org.tigris.subversion.javahl.win32_1.2.2\libeay32.dll
0x71ad0000 - 0x71ad9000 	C:\WINDOWS\system32\WSOCK32.dll
0x13000000 - 0x130c4000 	D:\PYTHON\eclipse3.2\plugins\org.tigris.subversion.javahl.win32_1.2.2\libdb44.dll
0x060f0000 - 0x06121000 	D:\PYTHON\eclipse3.2\plugins\org.tigris.subversion.javahl.win32_1.2.2\ssleay32.dll
0x6ee60000 - 0x6ee89000 	D:\PYTHON\eclipse3.2\plugins\org.tigris.subversion.javahl.win32_1.2.2\libaprutil.dll
0x05ed0000 - 0x05ee2000 	D:\PYTHON\eclipse3.2\plugins\org.tigris.subversion.javahl.win32_1.2.2\intl3_svn.dll
0x06130000 - 0x06239000 	D:\PYTHON\eclipse3.2\plugins\org.tigris.subversion.javahl.win32_1.2.2\libsvnjavahl-1.dll
0x76780000 - 0x76789000 	C:\WINDOWS\system32\SHFOLDER.dll
0x06470000 - 0x06f01000 	C:\WINDOWS\system32\ieframe.dll
0x7e720000 - 0x7e7d0000 	C:\WINDOWS\system32\SXS.DLL
0x73d90000 - 0x73db7000 	C:\WINDOWS\system32\CRTDLL.dll
0x19600000 - 0x1960f000 	C:\Program Files\TeamViewer\Version6\tv_w32.dll

VM Arguments:
jvm_args: -Xms40m -Xmx256m 
java_command: D:\PYTHON\eclipse3.2\startup.jar -os win32 -ws win32 -arch x86 -launcher D:\PYTHON\eclipse3.2\eclipse.exe -name Eclipse -showsplash 600 -exitdata 644_c4 C:\Documents and Settings\Neetu\My Documents\Dropbox\Fomaba\Fomaba\.pydevproject -vm C:\WINDOWS\system32\javaw.exe -vmargs -Xms40m -Xmx256m -jar D:\PYTHON\eclipse3.2\startup.jar
Launcher Type: SUN_STANDARD

Environment Variables:
PATH=C:\WINDOWS\system32;C:\WINDOWS;C:\WINDOWS\System32\Wbem;C:\Program Files\Microsoft ASP.NET\ASP.NET Web Pages\v1.0\;C:\Program Files\Microsoft SQL Server\100\Tools\Binn\;C:\Program Files\Microsoft SQL Server\100\DTS\Binn\;C:\WINDOWS\system32\WindowsPowerShell\v1.0;C:\Program Files\Microsoft SQL Server\80\Tools\Binn\;C:\Program Files\Microsoft SQL Server\90\DTS\Binn\;C:\Program Files\Microsoft SQL Server\90\Tools\binn\;C:\Program Files\Microsoft SQL Server\90\Tools\Binn\VSShell\Common7\IDE\;C:\Program Files\Microsoft Visual Studio 8\Common7\IDE\PrivateAssemblies\;C:\Python25;C:\Program Files\Java\jdk1.6.0_21\bin
USERNAME=Neetu
OS=Windows_NT
PROCESSOR_IDENTIFIER=x86 Family 6 Model 23 Stepping 10, GenuineIntel



---------------  S Y S T E M  ---------------

OS: Windows XP Build 2600 Service Pack 3

CPU:total 2 (2 cores per cpu, 1 threads per core) family 6 model 23 stepping 10, cmov, cx8, fxsr, mmx, sse, sse2, sse3, ssse3

Memory: 4k page, physical 2084628k(471248k free), swap 4022688k(2317312k free)

vm_info: Java HotSpot(TM) Client VM (17.0-b17) for windows-x86 JRE (1.6.0_21-b07), built on Jul 17 2010 01:10:15 by "java_re" with MS VC++ 7.1 (VS2003)

time: Wed Apr 20 13:10:26 2011
elapsed time: 2356 seconds

