#
# A fatal error has been detected by the Java Runtime Environment:
#
#  EXCEPTION_ACCESS_VIOLATION (0xc0000005) at pc=0x6d809839, pid=5440, tid=5452
#
# JRE version: 6.0_21-b07
# Java VM: Java HotSpot(TM) Client VM (17.0-b17 mixed mode, sharing windows-x86 )
# Problematic frame:
# V  [jvm.dll+0x9839]
#
# If you would like to submit a bug report, please visit:
#   http://java.sun.com/webapps/bugreport/crash.jsp
#

---------------  T H R E A D  ---------------

Current thread (0x02bfa000):  VMThread [stack: 0x02ce0000,0x02d30000] [id=5452]

siginfo: ExceptionCode=0xc0000005, reading address 0x00000069

Registers:
EAX=0x00000001, EBX=0x3771be8c, ECX=0x00000001, EDX=0x00000001
ESP=0x02d2fb24, EBP=0x02d2fb24, ESI=0x3778fd20, EDI=0x00000001
EIP=0x6d809839, EFLAGS=0x00010297

Top of Stack: (sp=0x02d2fb24)
0x02d2fb24:   02d2fb38 6d8098a7 3778fd20 3771bbb8
0x02d2fb34:   3778fd20 02d2fb48 6d809a0d 00000003
0x02d2fb44:   000000ac 02d2fb60 6d8a08ae 3771be8c
0x02d2fb54:   000003fe 00000003 337728e0 02d2fb80
0x02d2fb64:   6d961934 3771bbb8 6da61f60 379b0818
0x02d2fb74:   003abca8 6d961f92 6da61f60 02d2fb94
0x02d2fb84:   6d9eadf4 6da7b97c 6da61f60 003abca8
0x02d2fb94:   02d2fbb0 6d9a90b9 6da61f60 00000000 

Instructions: (pc=0x6d809839)
0x6d809829:   f8 05 75 06 32 c0 5d c2 04 00 8b 55 08 8b 52 04
0x6d809839:   8b 52 68 83 e2 07 80 fa 05 75 06 b0 01 5d c2 04 


Stack: [0x02ce0000,0x02d30000],  sp=0x02d2fb24,  free space=13e02d2f698k
Native frames: (J=compiled Java code, j=interpreted, Vv=VM code, C=native code)
V  [jvm.dll+0x9839]
V  [jvm.dll+0x98a7]
V  [jvm.dll+0x9a0d]
V  [jvm.dll+0xa08ae]
V  [jvm.dll+0x161934]
V  [jvm.dll+0x1eadf4]
V  [jvm.dll+0x1a90b9]
V  [jvm.dll+0xcc110]
V  [jvm.dll+0xcc950]
V  [jvm.dll+0xccd70]
V  [jvm.dll+0xd0dea]
V  [jvm.dll+0x1e1382]
V  [jvm.dll+0xcbb78]
V  [jvm.dll+0xcbf61]
V  [jvm.dll+0x1fd5d4]
V  [jvm.dll+0x2002e3]
V  [jvm.dll+0x1ff5ce]
V  [jvm.dll+0x1ff8f0]
V  [jvm.dll+0x1ffce2]
V  [jvm.dll+0x185f5c]
C  [msvcr71.dll+0x9565]
C  [kernel32.dll+0xb713]

VM_Operation (0x05dc9e74): GenCollectForPermanentAllocation, mode: safepoint, requested by thread 0x030b6c00


---------------  P R O C E S S  ---------------

Java Threads: ( => current thread )
  0x04452800 JavaThread "Worker-9" [_thread_blocked, id=5676, stack(0x05f10000,0x05f60000)]
  0x0308c800 JavaThread "Worker-8" [_thread_blocked, id=5672, stack(0x05ec0000,0x05f10000)]
  0x036e8400 JavaThread "Worker-7" [_thread_blocked, id=5668, stack(0x05e70000,0x05ec0000)]
  0x03088800 JavaThread "Worker-6" [_thread_blocked, id=5664, stack(0x05e20000,0x05e70000)]
  0x030b8400 JavaThread "Worker-5" [_thread_blocked, id=5660, stack(0x05dd0000,0x05e20000)]
  0x030b6c00 JavaThread "Worker-4" [_thread_blocked, id=5656, stack(0x05d80000,0x05dd0000)]
  0x036b4800 JavaThread "Worker-3" [_thread_blocked, id=5652, stack(0x05d30000,0x05d80000)]
  0x03092400 JavaThread "Worker-2" [_thread_blocked, id=5648, stack(0x03c60000,0x03cb0000)]
  0x05426400 JavaThread "Shell reader (stderr)" daemon [_thread_in_native, id=5640, stack(0x05ce0000,0x05d30000)]
  0x036e6c00 JavaThread "Shell reader (stdout)" daemon [_thread_in_native, id=5636, stack(0x04390000,0x043e0000)]
  0x034c6400 JavaThread "Worker-1" [_thread_blocked, id=5560, stack(0x042a0000,0x042f0000)]
  0x03336800 JavaThread "Worker-0" [_thread_blocked, id=5540, stack(0x03c10000,0x03c60000)]
  0x02c89400 JavaThread "Start Level Event Dispatcher" daemon [_thread_blocked, id=5504, stack(0x032c0000,0x03310000)]
  0x02fc2c00 JavaThread "Framework Event Dispatcher" daemon [_thread_blocked, id=5500, stack(0x03270000,0x032c0000)]
  0x02fdc400 JavaThread "State Data Manager" daemon [_thread_blocked, id=5496, stack(0x03220000,0x03270000)]
  0x02c0c800 JavaThread "Low Memory Detector" daemon [_thread_blocked, id=5476, stack(0x02ec0000,0x02f10000)]
  0x02c06c00 JavaThread "CompilerThread0" daemon [_thread_blocked, id=5472, stack(0x02e70000,0x02ec0000)]
  0x02c05000 JavaThread "Attach Listener" daemon [_thread_blocked, id=5468, stack(0x02e20000,0x02e70000)]
  0x02c03c00 JavaThread "Signal Dispatcher" daemon [_thread_blocked, id=5464, stack(0x02dd0000,0x02e20000)]
  0x02bfcc00 JavaThread "Finalizer" daemon [_thread_blocked, id=5460, stack(0x02d80000,0x02dd0000)]
  0x02bfb800 JavaThread "Reference Handler" daemon [_thread_blocked, id=5456, stack(0x02d30000,0x02d80000)]
  0x003a6800 JavaThread "main" [_thread_blocked, id=5448, stack(0x009c0000,0x00a10000)]

Other Threads:
=>0x02bfa000 VMThread [stack: 0x02ce0000,0x02d30000] [id=5452]
  0x02c17800 WatcherThread [stack: 0x02f10000,0x02f60000] [id=5480]

VM state:at safepoint (normal execution)

VM Mutex/Monitor currently owned by a thread:  ([mutex/lock_event])
[0x003a5950] Threads_lock - owner thread: 0x02bfa000
[0x003a5d60] Heap_lock - owner thread: 0x030b6c00

Heap
 def new generation   total 16960K, used 4668K [0x22990000, 0x23bf0000, 0x27ee0000)
  eden space 15104K,  18% used [0x22990000, 0x22c4f050, 0x23850000)
  from space 1856K, 100% used [0x23a20000, 0x23bf0000, 0x23bf0000)
  to   space 1856K,   0% used [0x23850000, 0x23850000, 0x23a20000)
 tenured generation   total 37508K, used 27273K [0x27ee0000, 0x2a381000, 0x32990000)
   the space 37508K,  72% used [0x27ee0000, 0x29982440, 0x29982600, 0x2a381000)
 compacting perm gen  total 28672K, used 28662K [0x32990000, 0x34590000, 0x36990000)
   the space 28672K,  99% used [0x32990000, 0x3458dbb0, 0x3458dc00, 0x34590000)
    ro space 10240K,  51% used [0x36990000, 0x36ebb700, 0x36ebb800, 0x37390000)
    rw space 12288K,  54% used [0x37390000, 0x37a276c0, 0x37a27800, 0x37f90000)

Dynamic libraries:
0x00400000 - 0x00424000 	C:\WINDOWS\system32\javaw.exe
0x7c900000 - 0x7c9af000 	C:\WINDOWS\system32\ntdll.dll
0x7c800000 - 0x7c8f6000 	C:\WINDOWS\system32\kernel32.dll
0x77dd0000 - 0x77e6b000 	C:\WINDOWS\system32\ADVAPI32.dll
0x77e70000 - 0x77f02000 	C:\WINDOWS\system32\RPCRT4.dll
0x77fe0000 - 0x77ff1000 	C:\WINDOWS\system32\Secur32.dll
0x7e410000 - 0x7e4a1000 	C:\WINDOWS\system32\USER32.dll
0x77f10000 - 0x77f59000 	C:\WINDOWS\system32\GDI32.dll
0x76390000 - 0x763ad000 	C:\WINDOWS\system32\IMM32.DLL
0x7c340000 - 0x7c396000 	C:\Program Files\Java\jre6\bin\msvcr71.dll
0x6d800000 - 0x6daa7000 	C:\Program Files\Java\jre6\bin\client\jvm.dll
0x76b40000 - 0x76b6d000 	C:\WINDOWS\system32\WINMM.dll
0x6d7b0000 - 0x6d7bc000 	C:\Program Files\Java\jre6\bin\verify.dll
0x6d330000 - 0x6d34f000 	C:\Program Files\Java\jre6\bin\java.dll
0x6d290000 - 0x6d298000 	C:\Program Files\Java\jre6\bin\hpi.dll
0x76bf0000 - 0x76bfb000 	C:\WINDOWS\system32\PSAPI.DLL
0x6d7f0000 - 0x6d7ff000 	C:\Program Files\Java\jre6\bin\zip.dll
0x68000000 - 0x68036000 	C:\WINDOWS\system32\rsaenh.dll
0x77c10000 - 0x77c68000 	C:\WINDOWS\system32\msvcrt.dll
0x769c0000 - 0x76a74000 	C:\WINDOWS\system32\USERENV.dll
0x5b860000 - 0x5b8b5000 	C:\WINDOWS\system32\netapi32.dll
0x6d610000 - 0x6d623000 	C:\Program Files\Java\jre6\bin\net.dll
0x71ab0000 - 0x71ac7000 	C:\WINDOWS\system32\WS2_32.dll
0x71aa0000 - 0x71aa8000 	C:\WINDOWS\system32\WS2HELP.dll
0x71a50000 - 0x71a8f000 	C:\WINDOWS\System32\mswsock.dll
0x76f20000 - 0x76f47000 	C:\WINDOWS\system32\DNSAPI.dll
0x76fb0000 - 0x76fb8000 	C:\WINDOWS\System32\winrnr.dll
0x76f60000 - 0x76f8c000 	C:\WINDOWS\system32\WLDAP32.dll
0x76fc0000 - 0x76fc6000 	C:\WINDOWS\system32\rasadhlp.dll
0x6d630000 - 0x6d639000 	C:\Program Files\Java\jre6\bin\nio.dll
0x10000000 - 0x10053000 	D:\PYTHON\eclipse3.2\configuration\org.eclipse.osgi\bundles\199\1\.cp\swt-win32-3236.dll
0x774e0000 - 0x7761d000 	C:\WINDOWS\system32\ole32.dll
0x773d0000 - 0x774d3000 	C:\WINDOWS\WinSxS\X86_Microsoft.Windows.Common-Controls_6595b64144ccf1df_6.0.2600.5512_x-ww_35d4ce83\COMCTL32.dll
0x77f60000 - 0x77fd6000 	C:\WINDOWS\system32\SHLWAPI.dll
0x763b0000 - 0x763f9000 	C:\WINDOWS\system32\comdlg32.dll
0x7c9c0000 - 0x7d1d7000 	C:\WINDOWS\system32\SHELL32.dll
0x77120000 - 0x771ab000 	C:\WINDOWS\system32\OLEAUT32.dll
0x74d90000 - 0x74dfb000 	C:\WINDOWS\system32\USP10.dll
0x63000000 - 0x630e6000 	C:\WINDOWS\system32\WININET.dll
0x03730000 - 0x03739000 	C:\WINDOWS\system32\Normaliz.dll
0x1a400000 - 0x1a532000 	C:\WINDOWS\system32\urlmon.dll
0x5dca0000 - 0x5de88000 	C:\WINDOWS\system32\iertutil.dll
0x75a70000 - 0x75a91000 	C:\WINDOWS\system32\MSVFW32.dll
0x5ad70000 - 0x5ada8000 	C:\WINDOWS\system32\uxtheme.dll
0x74720000 - 0x7476c000 	C:\WINDOWS\system32\MSCTF.dll
0x648b0000 - 0x648be000 	C:\Documents and Settings\All Users.WINDOWS\Application Data\Real\RealPlayer\BrowserRecordPlugin\Chrome\Hook\rpchromebrowserrecordhelper.dll
0x78520000 - 0x785c3000 	C:\WINDOWS\WinSxS\x86_Microsoft.VC90.CRT_1fc8b3b9a1e18e3b_9.0.30729.4974_x-ww_d889290f\MSVCR90.dll
0x78480000 - 0x7850e000 	C:\WINDOWS\WinSxS\x86_Microsoft.VC90.CRT_1fc8b3b9a1e18e3b_9.0.30729.4974_x-ww_d889290f\MSVCP90.dll
0x60c40000 - 0x60ca9000 	C:\PROGRAM FILES\NORTON INTERNET SECURITY\ENGINE\17.8.0.5\ASOEHOOK.DLL
0x755c0000 - 0x755ee000 	C:\WINDOWS\system32\msctfime.ime
0x03af0000 - 0x03af8000 	D:\PYTHON\eclipse3.2\configuration\org.eclipse.osgi\bundles\20\1\.cp\os\win32\x86\localfile_1_0_0.dll
0x74c80000 - 0x74cac000 	C:\WINDOWS\system32\oleacc.dll
0x76080000 - 0x760e5000 	C:\WINDOWS\system32\MSVCP60.dll
0x03cf0000 - 0x03d03000 	D:\PYTHON\eclipse3.2\configuration\org.eclipse.osgi\bundles\199\1\.cp\swt-gdip-win32-3236.dll
0x4ec50000 - 0x4edf6000 	C:\WINDOWS\WinSxS\x86_Microsoft.Windows.GdiPlus_6595b64144ccf1df_1.0.2600.5512_x-ww_dfb54e0c\gdiplus.dll
0x03f30000 - 0x041f5000 	C:\WINDOWS\system32\xpsp2res.dll
0x662b0000 - 0x66308000 	C:\WINDOWS\system32\hnetcfg.dll
0x71a90000 - 0x71a98000 	C:\WINDOWS\System32\wshtcpip.dll
0x76fd0000 - 0x7704f000 	C:\WINDOWS\system32\CLBCATQ.DLL
0x77050000 - 0x77115000 	C:\WINDOWS\system32\COMRes.dll
0x77c00000 - 0x77c08000 	C:\WINDOWS\system32\VERSION.dll
0x75cf0000 - 0x75d81000 	C:\WINDOWS\system32\mlang.dll
0x77b40000 - 0x77b62000 	C:\WINDOWS\system32\Apphelp.dll
0x76380000 - 0x76385000 	C:\WINDOWS\system32\msimg32.dll

VM Arguments:
jvm_args: -Xms40m -Xmx256m 
java_command: D:\PYTHON\eclipse3.2\startup.jar -os win32 -ws win32 -arch x86 -launcher D:\PYTHON\eclipse3.2\eclipse.exe -name Eclipse -showsplash 600 -exitdata 1534_c4 C:\Documents and Settings\Neetu\My Documents\Dropbox\Fomaba\Fomaba\.pydevproject -vm C:\WINDOWS\system32\javaw.exe -vmargs -Xms40m -Xmx256m -jar D:\PYTHON\eclipse3.2\startup.jar
Launcher Type: SUN_STANDARD

Environment Variables:
PATH=C:\WINDOWS\system32;C:\WINDOWS;C:\WINDOWS\System32\Wbem;C:\Program Files\Microsoft ASP.NET\ASP.NET Web Pages\v1.0\;C:\Program Files\Microsoft SQL Server\100\Tools\Binn\;C:\Program Files\Microsoft SQL Server\100\DTS\Binn\;C:\WINDOWS\system32\WindowsPowerShell\v1.0;C:\Program Files\Microsoft SQL Server\80\Tools\Binn\;C:\Program Files\Microsoft SQL Server\90\DTS\Binn\;C:\Program Files\Microsoft SQL Server\90\Tools\binn\;C:\Program Files\Microsoft SQL Server\90\Tools\Binn\VSShell\Common7\IDE\;C:\Program Files\Microsoft Visual Studio 8\Common7\IDE\PrivateAssemblies\;C:\Python25;C:\Program Files\Java\jdk1.6.0_21\bin
USERNAME=Neetu
OS=Windows_NT
PROCESSOR_IDENTIFIER=x86 Family 6 Model 23 Stepping 10, GenuineIntel



---------------  S Y S T E M  ---------------

OS: Windows XP Build 2600 Service Pack 3

CPU:total 2 (2 cores per cpu, 1 threads per core) family 6 model 23 stepping 10, cmov, cx8, fxsr, mmx, sse, sse2, sse3, ssse3

Memory: 4k page, physical 2084628k(949176k free), swap 4022688k(2928316k free)

vm_info: Java HotSpot(TM) Client VM (17.0-b17) for windows-x86 JRE (1.6.0_21-b07), built on Jul 17 2010 01:10:15 by "java_re" with MS VC++ 7.1 (VS2003)

time: Thu Apr 21 10:29:09 2011
elapsed time: 29 seconds

